[02:33:10] [ServerMain/INFO]: [bootstrap] Running Java 25 (OpenJDK 64-Bit Server VM 25.0.2+10-Ubuntu-124.04; Ubuntu null) on Linux 6.8.0-1044-azure (amd64)
[02:33:10] [ServerMain/INFO]: [bootstrap] Loading Paper 26.1.2-60-main@b4682bf (2026-05-04T06:25:04Z) for Minecraft 26.1.2
[02:33:10] [ServerMain/INFO]: [PluginInitializerManager] Initializing plugins...
[02:33:12] [ServerMain/INFO]: [PluginInitializerManager] Initialized 7 plugins
[02:33:12] [ServerMain/INFO]: [PluginInitializerManager] Bukkit plugins (7):
 - AdminGui (1.0), Geyser-Spigot (2.10.0-SNAPSHOT), LagFixer (1.5.3 [build 142]), LimitedLives (4.2.1), OpenInv (1.3), ViaVersion (5.9.1), floodgate (2.2.5-SNAPSHOT (b132-5a72b6a))
[02:33:16] [ServerMain/INFO]: Environment: Environment[sessionHost=https://sessionserver.mojang.com, servicesHost=https://api.minecraftservices.com, profilesHost=https://api.mojang.com, name=PROD]
[02:33:17] [ServerMain/WARN]: Missing data pack mod:forge
[02:33:17] [ServerMain/WARN]: Missing data pack mod:chunky
[02:33:17] [ServerMain/INFO]: Found new data pack file/bukkit, loading it automatically
[02:33:17] [ServerMain/INFO]: Found new data pack paper, loading it automatically
[02:33:17] [Worker-Main-1/WARN]: [WorldFolderMigration] ===================== ! ALERT ! =====================
[02:33:17] [Worker-Main-1/WARN]: [WorldFolderMigration] World storage migration is required during startup.
[02:33:17] [Worker-Main-1/WARN]: [WorldFolderMigration] If you do not have a backup: interrupt the server now. Use Ctrl+C, your panel kill function, etc.
[02:33:17] [Worker-Main-1/WARN]: [WorldFolderMigration] =====================================================
[02:33:17] [Worker-Main-1/WARN]: [WorldFolderMigration] Continuing in 30 seconds...
[02:33:47] [Worker-Main-1/INFO]: [WorldFolderMigration] Continuing with startup world migration.
[02:33:48] [Worker-Main-1/INFO]: [VanillaWorldMigration] Starting Vanilla import for world 'world' (minecraft:overworld)
[02:33:48] [Worker-Main-1/INFO]: [VanillaWorldMigration] Completed Vanilla import for world 'world' (minecraft:overworld)
[02:33:49] [ServerMain/INFO]: Loaded 1515 recipes
[02:33:49] [ServerMain/INFO]: Loaded 1617 advancements
[02:33:49] [ServerMain/INFO]: [ca.spottedleaf.dataconverter.minecraft.datatypes.MCTypeRegistry] Initialising converters for DataConverter...
[02:33:49] [ServerMain/INFO]: [ca.spottedleaf.dataconverter.minecraft.datatypes.MCTypeRegistry] Finished initialising converters for DataConverter in 358.9ms
[02:33:49] [Server thread/INFO]: Starting minecraft server version 26.1.2
[02:33:49] [Server thread/INFO]: Loading properties
[02:33:49] [Server thread/INFO]: This server is running Paper version 26.1.2-60-main@b4682bf (2026-05-04T06:25:04Z) (Implementing API version 26.1.2.build.60-stable)
[02:33:51] [Server thread/INFO]: [spark] This server bundles the spark profiler. For more information please visit https://docs.papermc.io/paper/profiling
[02:33:51] [Server thread/INFO]: Server Ping Player Sample Count: 12
[02:33:51] [Server thread/INFO]: Using 4 threads for Netty based IO
[02:33:51] [Server thread/INFO]: [MoonriseCommon] Paper is using 1 worker threads, 1 I/O threads
[02:33:52] [Server thread/INFO]: Default game type: SURVIVAL
[02:33:52] [Server thread/INFO]: Generating keypair
[02:33:52] [Server thread/INFO]: Starting Minecraft server on *:25565
[02:33:52] [Server thread/INFO]: Paper: Using libdeflate (Linux x86_64) compression from Velocity.
[02:33:52] [Server thread/INFO]: Paper: Using OpenSSL 3.x.x (Linux x86_64) cipher from Velocity.
[02:33:53] [Server thread/INFO]: [SpigotLibraryLoader] [LagFixer] Loading 1 libraries... please wait
[02:33:53] [Server thread/INFO]: [SpigotLibraryLoader] [LagFixer] Loaded library /workspaces/server_1/servidor_minecraft/libraries/com/github/oshi/oshi-core/6.9.1/oshi-core-6.9.1.jar
[02:33:53] [Server thread/INFO]: [SpigotLibraryLoader] [LagFixer] Loaded library /workspaces/server_1/servidor_minecraft/libraries/net/java/dev/jna/jna/5.18.1/jna-5.18.1.jar
[02:33:53] [Server thread/INFO]: [SpigotLibraryLoader] [LagFixer] Loaded library /workspaces/server_1/servidor_minecraft/libraries/net/java/dev/jna/jna-platform/5.18.1/jna-platform-5.18.1.jar
[02:33:53] [Server thread/INFO]: [SpigotLibraryLoader] [LagFixer] Loaded library /workspaces/server_1/servidor_minecraft/libraries/org/slf4j/slf4j-api/2.0.17/slf4j-api-2.0.17.jar
[02:33:53] [Server thread/INFO]: [floodgate] Loading server plugin floodgate v2.2.5-SNAPSHOT (b132-5a72b6a)
[02:33:54] [Server thread/WARN]: [floodgate] en_ is not a supported Floodgate language.
[02:33:54] [Server thread/INFO]: [floodgate] Took 1,001ms to boot Floodgate
[02:33:54] [Server thread/INFO]: [ViaVersion] Loading server plugin ViaVersion v5.9.1
[02:33:54] [Server thread/INFO]: [ViaVersion] ViaVersion 5.9.1 is now loaded. Registering protocol transformers and injecting...
[02:33:54] [Via-Mappingloader-1/INFO]: [ViaVersion] Loading block connection mappings ...
[02:33:55] [Server thread/INFO]: [LimitedLives] Loading server plugin LimitedLives v4.2.1
[02:33:55] [Server thread/INFO]: [Geyser-Spigot] Loading server plugin Geyser-Spigot v2.10.0-SNAPSHOT
[02:33:56] [Server thread/INFO]: [Geyser-Spigot] Loading extensions...
[02:33:56] [Server thread/INFO]: [Geyser-Spigot] Loaded 0 extension(s)
[02:33:56] [Server thread/INFO]: [OpenInv] Loading server plugin OpenInv v1.3
[02:33:56] [Server thread/INFO]: [[38;5;11m⚡[0m] Loading server plugin LagFixer v1.5.3 [build 142]
[02:33:56] [Server thread/INFO]: [AdminGui] Loading server plugin AdminGui v1.0
[02:33:56] [Server thread/INFO]: Server permissions file permissions.yml is empty, ignoring it
[02:33:56] [Server thread/WARN]: **** SERVER IS RUNNING IN OFFLINE/INSECURE MODE!
[02:33:56] [Server thread/WARN]: The server will make no attempt to authenticate usernames. Beware.
[02:33:56] [Server thread/WARN]: While this makes the game possible to play without internet access, it also opens up the ability for hackers to connect with any username they choose.
[02:33:56] [Server thread/WARN]: To change this, set "online-mode" to "true" in the server.properties file.
[02:33:56] [Server thread/INFO]: Preparing level "world"
[02:33:56] [Server thread/INFO]: [VanillaWorldMigration] Starting Vanilla import for world 'world_nether' (minecraft:the_nether)
[02:33:56] [Server thread/INFO]: [VanillaWorldMigration] Completed Vanilla import for world 'world_nether' (minecraft:the_nether)
[02:33:57] [Server thread/INFO]: Selecting spawn point for level 'minecraft:the_nether'...
[02:33:59] [Server thread/INFO]: [VanillaWorldMigration] Starting Vanilla import for world 'world_the_end' (minecraft:the_end)
[02:33:59] [Server thread/INFO]: [VanillaWorldMigration] Completed Vanilla import for world 'world_the_end' (minecraft:the_end)
[02:33:59] [Server thread/INFO]: Selecting spawn point for level 'minecraft:the_end'...
[02:34:00] [Server thread/INFO]: Loading 0 persistent chunks for level 'minecraft:overworld'...
[02:34:00] [Server thread/INFO]: Preparing spawn area: 100%
[02:34:00] [Server thread/INFO]: Prepared spawn area in 14 ms
[02:34:00] [Server thread/INFO]: Loading 0 persistent chunks for level 'minecraft:the_nether'...
[02:34:00] [Server thread/INFO]: Preparing spawn area: 100%
[02:34:00] [Server thread/INFO]: Prepared spawn area in 3066 ms
[02:34:00] [Server thread/INFO]: Loading 0 persistent chunks for level 'minecraft:the_end'...
[02:34:00] [Server thread/INFO]: Preparing spawn area: 100%
[02:34:00] [Server thread/INFO]: Prepared spawn area in 698 ms
[02:34:00] [Server thread/INFO]: Done preparing level "world" (3.566s)
[02:34:00] [Server thread/INFO]: [floodgate] Enabling floodgate v2.2.5-SNAPSHOT (b132-5a72b6a)
[02:34:00] [Server thread/INFO]: [ViaVersion] Enabling ViaVersion v5.9.1
[02:34:00] [Server thread/INFO]: [ViaVersion] ViaVersion detected server version: 26.1-26.1.2 (775)
[02:34:00] [Server thread/WARN]: [ViaVersion] ViaVersion does not have any compatible versions for this server version!
[02:34:00] [Server thread/WARN]: [ViaVersion] ViaVersion only supports newer client versions. Use ViaBackwards to allow older versions (ViaRewind for 1.7/1.8) to join.
[02:34:00] [Server thread/WARN]: [ViaVersion] Get setup help at https://viaversion.com/setup or download ViaBackwards/ViaRewind directly at https://ci.viaversion.com/
[02:34:00] [Server thread/WARN]: [ViaVersion] Need more help? Join our Discord at https://viaversion.com/discord
[02:34:00] [Server thread/INFO]: [LimitedLives] Enabling LimitedLives v4.2.1
[02:34:00] [Server thread/INFO]: [LimitedLives] -------------------
[02:34:00] [Server thread/INFO]: [LimitedLives] LimitedLives v4.2.1
[02:34:00] [Server thread/INFO]: [LimitedLives] By srnyx
[02:34:00] [Server thread/INFO]: [LimitedLives] -------------------
[02:34:00] [Server thread/INFO]: [Geyser-Spigot] Enabling Geyser-Spigot v2.10.0-SNAPSHOT
[02:34:02] [Server thread/INFO]: [OpenInv] Enabling OpenInv v1.3
[02:34:02] [Server thread/INFO]: 
[02:34:02] [Server thread/INFO]:   ____  _____  ______ _   _   _____ _   _ __      __ 
[02:34:02] [Server thread/INFO]:  / __ \|  __ \|  ____| \ | | |_   _| \ | |\ \    / / 
[02:34:02] [Server thread/INFO]: | |  | | |__) | |__  |  \| |   | | |  \| | \ \  / /  
[02:34:02] [Server thread/INFO]: | |  | |  ___/|  __| | . ` |   | | | . ` |  \ \/ /   
[02:34:02] [Server thread/INFO]: | |__| | |    | |____| |\  |  _| |_| |\  |   \  /    
[02:34:02] [Server thread/INFO]:  \____/|_|    |______|_| \_| |_____|_| \_|    \/     
[02:34:02] [Server thread/INFO]:                 1.3 by INFIE03
[02:34:02] [Server thread/INFO]: 
[02:34:02] [Server thread/INFO]:   ✦ Platform:  Paper 26.1.2-60-b4682bf (MC: 26.1.2)
[02:34:02] [Server thread/INFO]:   ✦ Java:      25.0.2
[02:34:02] [Server thread/INFO]:   ✦ Storage:   SQLITE
[02:34:02] [Server thread/INFO]:   ✦ Language:  English
[02:34:02] [Server thread/INFO]:   ✦ Auto-Save: ENABLED
[02:34:02] [Server thread/INFO]:   ✦ Snapshots: ENABLED
[02:34:02] [Server thread/INFO]: 
[02:34:02] [Server thread/INFO]:   [OpenInv] Successfully enabled plugin modules.
[02:34:02] [Server thread/INFO]: 
[02:34:02] [Server thread/INFO]: [[38;5;11m⚡[0m] Enabling LagFixer v1.5.3 [build 142]
[02:34:02] [Server thread/INFO]: [[38;5;11m⚡[0m] Remember to leave a rating! ★ ★ ★ ★ ★





LagFixer 1.5.3 [build 142] - Best Performance Solution!
░░░░░░░░░░░░░░░░░░░░░░░░░░░░░░░░░░░░░░░░░░░░░░░░░░░░░░░░░░░░░░░░
░██╗░░░░░░█████╗░░██████╗░░░███████╗██╗██╗░░██╗███████╗██████╗░░
░██║░░░░░██╔══██╗██╔════╝░░░██╔════╝██║╚██╗██╔╝██╔════╝██╔══██╗░
░██║░░░░░███████║██║░░██╗░░░█████╗░░██║░╚███╔╝░█████╗░░██████╔╝░
░██║░░░░░██╔══██║██║░░╚██╗░░██╔══╝░░██║░██╔██╗░██╔══╝░░██╔══██╗░
░███████╗██║░░██║╚██████╔╝░░██║░░░░░██║██╔╝╚██╗███████╗██║░░██║░
░╚══════╝╚═╝░░╚═╝░╚═════╝░░░╚═╝░░░░░╚═╝╚═╝░░╚═╝╚══════╝╚═╝░░╚═╝░
░░░░░░░░░░░░░░░░░░░░░░░░░░░░░░░░░░░░░░░░░░░░░░░░░░░░░░░░░░░░░░░░





[02:34:02] [Server thread/INFO]: [[38;5;11m⚡[0m] (ErrorsManager) -> Enabling manager...
[02:34:02] [Server thread/INFO]: [[38;5;11m⚡[0m]  • Started listening console for LagFixer errors!
[02:34:02] [Server thread/INFO]: [[38;5;11m⚡[0m] (ErrorsManager) -> Enabled manager in 2ms!
[02:34:02] [Server thread/INFO]: [[38;5;11m⚡[0m] (ConfigManager) -> Enabling manager...
[02:34:02] [Server thread/INFO]: [[38;5;11m⚡[0m] (ConfigManager) -> Enabled manager in 96ms!
[02:34:02] [Server thread/INFO]: [[38;5;11m⚡[0m] (SupportManager) -> Enabling manager...
[02:34:02] [Server thread/INFO]: [[38;5;11m⚡[0m]  • Loaded fork support ~ xyz.lychee.lagfixer.support.PaperSupport
[02:34:02] [Server thread/INFO]: [[38;5;11m⚡[0m]  • Loaded nms support ~ xyz.lychee.lagfixer.nms.v26_1.SupportNms
[02:34:02] [Server thread/INFO]: [[38;5;11m⚡[0m] (SupportManager) -> Enabled manager in 12ms!
[02:34:02] [Server thread/INFO]: [[38;5;11m⚡[0m] (HookManager) -> Enabling manager...
[02:34:02] [Server thread/INFO]: [[38;5;11m⚡[0m] (HookManager) -> Enabled manager in 0ms!
[02:34:02] [Server thread/INFO]: [[38;5;11m⚡[0m] (MetricsManager) -> Enabling manager...
[02:34:02] [Server thread/INFO]: [[38;5;11m⚡[0m] (MetricsManager) -> Enabled manager in 3ms!
[02:34:02] [Server thread/INFO]: [[38;5;11m⚡[0m] (UpdaterManager) -> Enabling manager...
[02:34:02] [Server thread/INFO]: [[38;5;11m⚡[0m] (UpdaterManager) -> Enabled manager in 2ms!
[02:34:03] [Server thread/INFO]: Environment: Environment[sessionHost=https://sessionserver.mojang.com, servicesHost=https://api.minecraftservices.com, profilesHost=https://api.mojang.com, name=PROD]
[02:34:03] [Server thread/INFO]: [[38;5;11m⚡[0m] (ModuleManager) -> Enabling manager...
[02:34:03] [Server thread/INFO]: [[38;5;11m⚡[0m]  • Successfully loaded module RedstoneLimiter in 8ms.
[02:34:03] [Server thread/INFO]: [[38;5;11m⚡[0m]  • Successfully loaded module InstantLeafDecay in 3ms.
[02:34:03] [Server thread/INFO]: [[38;5;11m⚡[0m]  • Successfully loaded module WorldCleaner in 8ms.
[02:34:03] [Server thread/INFO]: [[38;5;11m⚡[0m]  • Successfully loaded module LagShield in 9ms.
[02:34:03] [Server thread/INFO]: [[38;5;11m⚡[0m]  • Successfully loaded module ExplosionOptimizer in 11ms.
[02:34:03] [Server thread/INFO]: [[38;5;11m⚡[0m]  • Successfully loaded module MobAiReducer in 24ms.
[02:34:03] [Server thread/INFO]: [[38;5;11m⚡[0m]  • Successfully loaded module EntityLimiter in 10ms.
[02:34:03] [Server thread/INFO]: [[38;5;11m⚡[0m]  • Successfully loaded module AbilityLimiter in 4ms.
[02:34:03] [Server thread/INFO]: [[38;5;11m⚡[0m] (ModuleManager) -> Enabled manager in 199ms!
[02:34:03] [Server thread/INFO]: [[38;5;11m⚡[0m] (CommandManager) -> Enabling manager...
[02:34:03] [Server thread/INFO]: [[38;5;11m⚡[0m] (CommandManager) -> Enabled manager in 449ms!
[02:34:03] [Server thread/INFO]: [[38;5;11m⚡[0m] Remember to leave a rating! ★ ★ ★ ★ ★
[02:34:03] [Server thread/INFO]: [[38;5;11m⚡[0m] ❤ Support us https://ko-fi.com/lajczik
[02:34:03] [Server thread/INFO]: [AdminGui] Enabling AdminGui v1.0
[02:34:03] [Server thread/INFO]: [AdminGui] AdminGui enabled.
[02:34:04] [Server thread/INFO]: [spark] Starting background profiler...
[02:34:05] [Server thread/INFO]: [Geyser-Spigot] ******************************************
[02:34:05] [Server thread/INFO]: [Geyser-Spigot] 
[02:34:05] [Server thread/INFO]: [Geyser-Spigot] Loading Geyser version 2.10.0-b1148 (git-master-ba17cf2)
[02:34:05] [Server thread/INFO]: [Geyser-Spigot] 
[02:34:05] [Server thread/INFO]: [Geyser-Spigot] ******************************************
[02:34:08] [GeyserServer-3-1/INFO]: [Geyser-Spigot] Started Geyser on UDP port 19132
[02:34:08] [Server thread/INFO]: [Geyser-Spigot] Done (2.991s)! Run /geyser help for help!
[02:34:08] [Server thread/INFO]: Saving chunks for level 'ServerLevel[world]'/minecraft:overworld
[02:34:08] [Server thread/INFO]: Saving chunks for level 'ServerLevel[world]'/minecraft:the_nether
[02:34:08] [Server thread/INFO]: Saving chunks for level 'ServerLevel[world]'/minecraft:the_end
[02:34:08] [Server thread/INFO]: ThreadedAnvilChunkStorage (world): All chunks are saved
[02:34:08] [Server thread/INFO]: ThreadedAnvilChunkStorage (DIM-1): All chunks are saved
[02:34:08] [Server thread/INFO]: ThreadedAnvilChunkStorage (DIM1): All chunks are saved
[02:34:08] [Server thread/INFO]: ThreadedAnvilChunkStorage: All dimensions are saved
[02:34:08] [Server thread/INFO]: Running delayed init tasks
[02:34:08] [Craft Scheduler Thread - 2 - ViaVersion/INFO]: [ViaVersion] Finished mapping loading, shutting down loader executor.
[02:34:08] [Server thread/INFO]: Done (60.665s)! For help, type "help"
[02:34:09] [Paper Async Task Handler Thread - 1/INFO]: *** Currently you are 4 build(s) behind ***
[02:34:09] [Paper Async Task Handler Thread - 1/INFO]: *** It is highly recommended to download the latest build from https://papermc.io/downloads/paper ***
[02:36:13] [User Authenticator #0/INFO]: UUID of player Jeycon585YT is 54297f0a-5513-3742-addb-daa224ca63cc
[02:36:16] [Server thread/INFO]: Jeycon585YT joined the game
[02:36:16] [Server thread/INFO]: Jeycon585YT[/127.102.194.161:49401] logged in with entity id 18 at ([minecraft:overworld]-7.5, 133.0, -43.5)
[02:37:12] [Server thread/INFO]: Made Jeycon585YT a server operator
[02:37:19] [Server thread/INFO]: Jeycon585YT issued server command: /gamemode creative
[02:37:19] [Server thread/INFO]: [Jeycon585YT: Set own game mode to Creative Mode]
[02:42:17] [Server thread/INFO]: Jeycon585YT issued server command: /time set day
[02:42:17] [Server thread/INFO]: [Jeycon585YT: Set minecraft:overworld to time marker minecraft:day]
[02:42:23] [Server thread/INFO]: Jeycon585YT issued server command: /deop Jeycon585YT
[02:42:23] [Server thread/INFO]: [Jeycon585YT: Made Jeycon585YT no longer a server operator]
[02:42:46] [Server thread/INFO]: Made Jeycon585YT a server operator
[02:42:52] [Server thread/INFO]: Jeycon585YT issued server command: /gamemode survival
[02:42:52] [Server thread/INFO]: [Jeycon585YT: Set own game mode to Survival Mode]
[02:43:01] [Server thread/INFO]: Jeycon585YT issued server command: /deop Jeycon585YT
[02:43:01] [Server thread/INFO]: [Jeycon585YT: Made Jeycon585YT no longer a server operator]
[02:43:35] [Server thread/INFO]: Made Jeycon585YT a server operator
[02:43:48] [Server thread/INFO]: Jeycon585YT issued server command: /gamerule pvp false
[02:43:48] [Server thread/INFO]: [Jeycon585YT: Gamerule pvp is now set to: false]
[02:43:53] [Server thread/INFO]: Jeycon585YT issued server command: /difficulty hard
[02:43:53] [Server thread/INFO]: [Jeycon585YT: The difficulty has been set to Hard]
[02:44:05] [Server thread/INFO]: Jeycon585YT issued server command: /gamerule tnt_explodes false
[02:44:05] [Server thread/INFO]: [Jeycon585YT: Gamerule tnt_explodes is now set to: false]
[02:44:14] [Server thread/INFO]: Jeycon585YT issued server command: /gamerule mob_griefing false
[02:44:14] [Server thread/INFO]: [Jeycon585YT: Gamerule mob_griefing is now set to: false]
[02:44:30] [Server thread/INFO]: Jeycon585YT issued server command: /gamerule fire_spread_radius_around_player 0
[02:44:30] [Server thread/INFO]: [Jeycon585YT: Gamerule fire_spread_radius_around_player is now set to: 0]
[02:45:01] [Server thread/INFO]: Jeycon585YT issued server command: /kill
[02:45:02] [Server thread/INFO]: Jeycon585YT was killed
[02:45:02] [Server thread/INFO]: [Jeycon585YT: Killed Jeycon585YT]
[02:45:24] [Server thread/INFO]: Jeycon585YT issued server command: /deop Jeycon585YT
[02:45:24] [Server thread/INFO]: [Jeycon585YT: Made Jeycon585YT no longer a server operator]
[02:45:26] [Server thread/INFO]: Jeycon585YT lost connection: Disconnected
[02:45:26] [Server thread/INFO]: Jeycon585YT left the game
[02:45:36] [Server thread/INFO]: Stopping the server
[02:45:36] [Server thread/INFO]: Stopping server
[02:45:36] [Server thread/INFO]: [AdminGui] Disabling AdminGui v1.0
[02:45:36] [Server thread/INFO]: [AdminGui] AdminGui disabled.
[02:45:36] [Server thread/INFO]: [[38;5;11m⚡[0m] Disabling LagFixer v1.5.3 [build 142]
[02:45:36] [Server thread/INFO]: [[38;5;11m⚡[0m] (ErrorsManager) -> Disabling manager...
[02:45:36] [Server thread/INFO]: [[38;5;11m⚡[0m] (ErrorsManager) -> Disabled manager in 0ms!
[02:45:36] [Server thread/INFO]: [[38;5;11m⚡[0m] (ConfigManager) -> Disabling manager...
[02:45:36] [Server thread/INFO]: [[38;5;11m⚡[0m] (ConfigManager) -> Disabled manager in 0ms!
[02:45:36] [Server thread/INFO]: [[38;5;11m⚡[0m] (SupportManager) -> Disabling manager...
[02:45:36] [Server thread/INFO]: [[38;5;11m⚡[0m] (SupportManager) -> Disabled manager in 5ms!
[02:45:36] [Server thread/INFO]: [[38;5;11m⚡[0m] (HookManager) -> Disabling manager...
[02:45:36] [Server thread/INFO]: [[38;5;11m⚡[0m] (HookManager) -> Disabled manager in 0ms!
[02:45:36] [Server thread/INFO]: [[38;5;11m⚡[0m] (MetricsManager) -> Disabling manager...
[02:45:36] [Server thread/INFO]: [[38;5;11m⚡[0m] (MetricsManager) -> Disabled manager in 0ms!
[02:45:36] [Server thread/INFO]: [[38;5;11m⚡[0m] (UpdaterManager) -> Disabling manager...
[02:45:36] [Server thread/INFO]: [[38;5;11m⚡[0m] (UpdaterManager) -> Disabled manager in 2ms!
[02:45:36] [Server thread/INFO]: [[38;5;11m⚡[0m] (ModuleManager) -> Disabling manager...
[02:45:36] [Server thread/INFO]: [[38;5;11m⚡[0m]  • Successfully disabled module RedstoneLimiter in 0ms.
[02:45:36] [Server thread/INFO]: [[38;5;11m⚡[0m]  • Successfully disabled module InstantLeafDecay in 1ms.
[02:45:36] [Server thread/INFO]: [[38;5;11m⚡[0m]  • Successfully disabled module WorldCleaner in 0ms.
[02:45:36] [Server thread/INFO]: [[38;5;11m⚡[0m]  • Successfully disabled module LagShield in 0ms.
[02:45:36] [Server thread/INFO]: [[38;5;11m⚡[0m]  • Successfully disabled module ExplosionOptimizer in 1ms.
[02:45:36] [Server thread/INFO]: [[38;5;11m⚡[0m]  • Successfully disabled module MobAiReducer in 0ms.
[02:45:36] [Server thread/INFO]: [[38;5;11m⚡[0m]  • Successfully disabled module EntityLimiter in 0ms.
[02:45:36] [Server thread/INFO]: [[38;5;11m⚡[0m]  • Successfully disabled module AbilityLimiter in 0ms.
[02:45:36] [Server thread/INFO]: [[38;5;11m⚡[0m] (ModuleManager) -> Disabled manager in 4ms!
[02:45:36] [Server thread/INFO]: [[38;5;11m⚡[0m] (CommandManager) -> Disabling manager...
[02:45:36] [Server thread/INFO]: [[38;5;11m⚡[0m] (CommandManager) -> Disabled manager in 2ms!
[02:45:36] [Server thread/INFO]: [OpenInv] Disabling OpenInv v1.3
[02:45:36] [Server thread/INFO]: [OpenInv] Saving all player inventories before shutdown...
[02:45:36] [Server thread/INFO]: [OpenInv] Disconnected from SQLITE database.
[02:45:36] [Server thread/INFO]: 
[02:45:36] [Server thread/INFO]:   [OpenInv] Disabling plugin... Saving all data.
[02:45:36] [Server thread/INFO]:   Goodbye!
[02:45:36] [Server thread/INFO]: 
[02:45:36] [Server thread/INFO]: [Geyser-Spigot] Disabling Geyser-Spigot v2.10.0-SNAPSHOT
[02:45:36] [Server thread/INFO]: [Geyser-Spigot] Shutting down Geyser.
[02:45:36] [Server thread/INFO]: [Geyser-Spigot] Geyser shutdown successfully.
[02:45:36] [WebSocketConnectReadThread-107/INFO]: [Geyser-Spigot] The skin uploader has been closed
[02:45:36] [Server thread/INFO]: [LimitedLives] Disabling LimitedLives v4.2.1
[02:45:36] [Server thread/INFO]: [ViaVersion] Disabling ViaVersion v5.9.1
[02:45:36] [Server thread/INFO]: [ViaVersion] ViaVersion has been disabled; uninjected the platform and shut down the scheduler.
[02:45:36] [Server thread/INFO]: [floodgate] Disabling floodgate v2.2.5-SNAPSHOT (b132-5a72b6a)
[02:45:37] [Server thread/INFO]: Saving players
[02:45:37] [Server thread/INFO]: Saving worlds
[02:45:38] [Server thread/INFO]: Saving chunks for level 'ServerLevel[world]'/minecraft:overworld
[02:45:38] [Server thread/INFO]: [ChunkHolderManager] Waiting 60s for chunk system to halt for world 'minecraft:overworld'
[02:45:38] [Server thread/INFO]: [ChunkHolderManager] Halted chunk system for world 'minecraft:overworld'
[02:45:38] [Server thread/INFO]: [ChunkHolderManager] Saving all chunkholders for world 'minecraft:overworld'
[02:45:38] [Server thread/INFO]: [ChunkHolderManager] Saved 6 block chunks, 89 entity chunks, 2 poi chunks in world 'minecraft:overworld' in 0.29s
[02:45:38] [Server thread/INFO]: [ChunkHolderManager] Waiting 60s for chunk I/O to halt for world 'minecraft:overworld'
[02:45:38] [Server thread/INFO]: [ChunkHolderManager] Halted I/O scheduler for world 'minecraft:overworld'
[02:45:38] [Server thread/INFO]: Saving chunks for level 'ServerLevel[world]'/minecraft:the_nether
[02:45:38] [Server thread/INFO]: [ChunkHolderManager] Waiting 60s for chunk system to halt for world 'minecraft:the_nether'
[02:45:38] [Server thread/INFO]: [ChunkHolderManager] Halted chunk system for world 'minecraft:the_nether'
[02:45:38] [Server thread/INFO]: [ChunkHolderManager] Saving all chunkholders for world 'minecraft:the_nether'
[02:45:38] [Server thread/INFO]: [ChunkHolderManager] Saved 0 block chunks, 0 entity chunks, 0 poi chunks in world 'minecraft:the_nether' in 0.00s
[02:45:38] [Server thread/INFO]: [ChunkHolderManager] Waiting 60s for chunk I/O to halt for world 'minecraft:the_nether'
[02:45:38] [Server thread/INFO]: [ChunkHolderManager] Halted I/O scheduler for world 'minecraft:the_nether'
[02:45:39] [Server thread/INFO]: Saving chunks for level 'ServerLevel[world]'/minecraft:the_end
[02:45:39] [Server thread/INFO]: [ChunkHolderManager] Waiting 60s for chunk system to halt for world 'minecraft:the_end'
[02:45:39] [Server thread/INFO]: [ChunkHolderManager] Halted chunk system for world 'minecraft:the_end'
[02:45:39] [Server thread/INFO]: [ChunkHolderManager] Saving all chunkholders for world 'minecraft:the_end'
[02:45:39] [Server thread/INFO]: [ChunkHolderManager] Saved 0 block chunks, 0 entity chunks, 0 poi chunks in world 'minecraft:the_end' in 0.00s
[02:45:39] [Server thread/INFO]: [ChunkHolderManager] Waiting 60s for chunk I/O to halt for world 'minecraft:the_end'
[02:45:39] [Server thread/INFO]: [ChunkHolderManager] Halted I/O scheduler for world 'minecraft:the_end'
[02:45:39] [Server thread/INFO]: ThreadedAnvilChunkStorage (world): All chunks are saved
[02:45:39] [Server thread/INFO]: ThreadedAnvilChunkStorage (DIM-1): All chunks are saved
[02:45:39] [Server thread/INFO]: ThreadedAnvilChunkStorage (DIM1): All chunks are saved
[02:45:39] [Server thread/INFO]: ThreadedAnvilChunkStorage: All dimensions are saved
[02:45:39] [Server thread/INFO]: Waiting for all RegionFile I/O tasks to complete...
[02:45:39] [Server thread/INFO]: All RegionFile I/O tasks to complete
[02:45:39] [Server thread/INFO]: [MoonriseCommon] Awaiting termination of worker pool for up to 60s...
[02:45:39] [Server thread/INFO]: [MoonriseCommon] Awaiting termination of I/O pool for up to 60s...
